Using pre-set license
Built from '2020.3/staging' branch; Version is '2020.3.14f1 (d0d1bb862f9d) revision 13685179'; Using compiler version '192528614'; Build Type 'Release'
OS: 'Windows 10 Pro; OS build 19041.329; Version 2004; 64bit' Language: 'es' Physical Memory: 3984 MB
BatchMode: 1, IsHumanControllingUs: 0, StartBugReporterOnCrash: 0, Is64bit: 1, IsPro: 0

 COMMAND LINE ARGUMENTS:
C:\Program Files\Unity\Hub\Editor\2020.3.14f1\Editor\Unity.exe
-adb2
-batchMode
-noUpm
-name
AssetImportWorker0
-projectPath
C:/ptc/2D Space Shooter
-logFile
Logs/AssetImportWorker0.log
-srvPort
55048
Successfully changed project path to: C:/ptc/2D Space Shooter
C:/ptc/2D Space Shooter
Using Asset Import Pipeline V2.
Refreshing native plugins compatible for Editor in 130.42 ms, found 2 plugins.
Preloading 0 native plugins for Editor in 0.00 ms.
Initialize engine version: 2020.3.14f1 (d0d1bb862f9d)
[Subsystems] Discovering subsystems at path C:/Program Files/Unity/Hub/Editor/2020.3.14f1/Editor/Data/Resources/UnitySubsystems
[Subsystems] Discovering subsystems at path C:/ptc/2D Space Shooter/Assets
GfxDevice: creating device client; threaded=0
Direct3D:
    Version:  Direct3D 11.0 [level 11.1]
    Renderer: Intel(R) HD Graphics 5500 (ID=0x1616)
    Vendor:   
    VRAM:     1992 MB
    Driver:   20.19.15.4835
Initialize mono
Mono path[0] = 'C:/Program Files/Unity/Hub/Editor/2020.3.14f1/Editor/Data/Managed'
Mono path[1] = 'C:/Program Files/Unity/Hub/Editor/2020.3.14f1/Editor/Data/MonoBleedingEdge/lib/mono/unityjit'
Mono config path = 'C:/Program Files/Unity/Hub/Editor/2020.3.14f1/Editor/Data/MonoBleedingEdge/etc'
Using monoOptions --debugger-agent=transport=dt_socket,embedding=1,server=y,suspend=n,address=127.0.0.1:56660
Begin MonoManager ReloadAssembly
Registering precompiled unity dll's ...
Register platform support module: C:/Program Files/Unity/Hub/Editor/2020.3.14f1/Editor/Data/PlaybackEngines/WindowsStandaloneSupport/UnityEditor.WindowsStandalone.Extensions.dll
Registered in 0.008374 seconds.
Native extension for WindowsStandalone target not found
Refreshing native plugins compatible for Editor in 65.47 ms, found 2 plugins.
Preloading 0 native plugins for Editor in 0.00 ms.
Mono: successfully reloaded assembly
- Completed reload, in  5.069 seconds
Domain Reload Profiling:
	ReloadAssembly (5069ms)
		BeginReloadAssembly (104ms)
			ExecutionOrderSort (0ms)
			DisableScriptedObjects (0ms)
			BackupInstance (0ms)
			ReleaseScriptingObjects (0ms)
			CreateAndSetChildDomain (2ms)
		EndReloadAssembly (775ms)
			LoadAssemblies (102ms)
			RebuildTransferFunctionScriptingTraits (0ms)
			SetupTypeCache (343ms)
			ReleaseScriptCaches (0ms)
			RebuildScriptCaches (45ms)
			SetupLoadedEditorAssemblies (277ms)
				LogAssemblyErrors (0ms)
				InitializePlatformSupportModulesInManaged (6ms)
				SetLoadedEditorAssemblies (0ms)
				RefreshPlugins (66ms)
				BeforeProcessingInitializeOnLoad (12ms)
				ProcessInitializeOnLoadAttributes (148ms)
				ProcessInitializeOnLoadMethodAttributes (45ms)
				AfterProcessingInitializeOnLoad (0ms)
				EditorAssembliesLoaded (0ms)
			ExecutionOrderSort2 (0ms)
			AwakeInstancesAfterBackupRestoration (0ms)
Platform modules already initialized, skipping
Registering precompiled user dll's ...
Registered in 0.022457 seconds.
Begin MonoManager ReloadAssembly
Native extension for WindowsStandalone target not found
Refreshing native plugins compatible for Editor in 1.58 ms, found 2 plugins.
Preloading 0 native plugins for Editor in 0.00 ms.
Mono: successfully reloaded assembly
- Completed reload, in  2.059 seconds
Domain Reload Profiling:
	ReloadAssembly (2061ms)
		BeginReloadAssembly (212ms)
			ExecutionOrderSort (0ms)
			DisableScriptedObjects (6ms)
			BackupInstance (0ms)
			ReleaseScriptingObjects (0ms)
			CreateAndSetChildDomain (24ms)
		EndReloadAssembly (1762ms)
			LoadAssemblies (200ms)
			RebuildTransferFunctionScriptingTraits (0ms)
			SetupTypeCache (610ms)
			ReleaseScriptCaches (1ms)
			RebuildScriptCaches (72ms)
			SetupLoadedEditorAssemblies (734ms)
				LogAssemblyErrors (0ms)
				InitializePlatformSupportModulesInManaged (8ms)
				SetLoadedEditorAssemblies (1ms)
				RefreshPlugins (2ms)
				BeforeProcessingInitializeOnLoad (101ms)
				ProcessInitializeOnLoadAttributes (561ms)
				ProcessInitializeOnLoadMethodAttributes (52ms)
				AfterProcessingInitializeOnLoad (9ms)
				EditorAssembliesLoaded (0ms)
			ExecutionOrderSort2 (0ms)
			AwakeInstancesAfterBackupRestoration (9ms)
Platform modules already initialized, skipping
========================================================================
Worker process is ready to serve import requests
Launched and connected shader compiler UnityShaderCompiler.exe after 0.08 seconds
Refreshing native plugins compatible for Editor in 1.45 ms, found 2 plugins.
Preloading 0 native plugins for Editor in 0.00 ms.
Unloading 1949 Unused Serialized files (Serialized files now loaded: 0)
System memory in use before: 80.4 MB.
System memory in use after: 80.5 MB.

Unloading 58 unused Assets to reduce memory usage. Loaded Objects now: 2353.
Total: 7.701700 ms (FindLiveObjects: 0.221600 ms CreateObjectMapping: 0.085500 ms MarkObjects: 7.278000 ms  DeleteObjects: 0.115000 ms)

AssetImportParameters requested are different than current active one (requested -> active):
  custom:framework-win-MediaFoundation: 216162199b28c13a410421893ffa2e32 -> 
  custom:video-decoder-ogg-theora: a1e56fd34408186e4bbccfd4996cb3dc -> 
  custom:container-muxer-webm: aa71ff27fc2769a1b78a27578f13a17b -> 
  custom:container-demuxer-webm: 4f35f7cbe854078d1ac9338744f61a02 -> 
  custom:container-demuxer-ogg: 62fdf1f143b41e24485cea50d1cbac27 -> 
  custom:video-encoder-webm-vp8: eb34c28f22e8b96e1ab97ce403110664 -> 
  custom:video-decoder-webm-vp8: 9c59270c3fd7afecdb556c50c9e8de78 -> 
  custom:audio-decoder-ogg-vorbis: bf7c407c2cedff20999df2af8eb42d56 -> 
  custom:audio-encoder-webm-vorbis: bf7c407c2cedff20999df2af8eb42d56 -> 
========================================================================
Received Import Request.
  path: Assets/Animations/Enemy Animations/Spaceship
  artifactKey: Guid(541cab77b7b404c1a96beb98a5f7ee7e) Importer(815301076,1909f56bfc062723c751e8b465ee728b)
Start importing Assets/Animations/Enemy Animations/Spaceship using Guid(541cab77b7b404c1a96beb98a5f7ee7e) Importer(815301076,1909f56bfc062723c751e8b465ee728b)  -> (artifact id: 'ee0b2734012db7975a8e93ca837d4fb3') in 0.028688 seconds 
  Import took 0.032629 seconds .

========================================================================
Received Import Request.
  Time since last request: 31.896087 seconds.
  path: Assets/Sound/Explosion.mp3
  artifactKey: Guid(31af044e9607040f0805ef1818ac26b4) Importer(815301076,1909f56bfc062723c751e8b465ee728b)
Start importing Assets/Sound/Explosion.mp3 using Guid(31af044e9607040f0805ef1818ac26b4) Importer(815301076,1909f56bfc062723c751e8b465ee728b)  -> (artifact id: '223d3ace393001b8ebbc5b19ae1540f2') in 0.166873 seconds 
  Import took 0.173290 seconds .

========================================================================
Received Import Request.
  Time since last request: 0.000288 seconds.
  path: Assets/Sound/Laser.mp3
  artifactKey: Guid(eb5adb170aa534b43af408b3c9eaf3f6) Importer(815301076,1909f56bfc062723c751e8b465ee728b)
Start importing Assets/Sound/Laser.mp3 using Guid(eb5adb170aa534b43af408b3c9eaf3f6) Importer(815301076,1909f56bfc062723c751e8b465ee728b)  -> (artifact id: '9743eecb6d70357c7e1545a20f359b94') in 0.063007 seconds 
  Import took 0.069242 seconds .

========================================================================
Received Import Request.
  Time since last request: 0.000318 seconds.
  path: Assets/Sound/Orbital Colossus.mp3
  artifactKey: Guid(78e66a62746f1b7418e0d62709cdf29a) Importer(815301076,1909f56bfc062723c751e8b465ee728b)
Start importing Assets/Sound/Orbital Colossus.mp3 using Guid(78e66a62746f1b7418e0d62709cdf29a) Importer(815301076,1909f56bfc062723c751e8b465ee728b)  -> (artifact id: 'b77e429b2bba46f8325fb88a7f073f18') in 0.044447 seconds 
  Import took 0.050586 seconds .

========================================================================
Received Import Request.
  Time since last request: 0.000099 seconds.
  path: Assets/Sound/Laser.mp3
  artifactKey: Guid(eb5adb170aa534b43af408b3c9eaf3f6) Importer(815301076,1909f56bfc062723c751e8b465ee728b)
Start importing Assets/Sound/Laser.mp3 using Guid(eb5adb170aa534b43af408b3c9eaf3f6) Importer(815301076,1909f56bfc062723c751e8b465ee728b)  -> (artifact id: '9743eecb6d70357c7e1545a20f359b94') in 0.028112 seconds 
  Import took 0.047657 seconds .

========================================================================
Received Import Request.
  Time since last request: 0.000294 seconds.
  path: Assets/Sound/Orbital Colossus.mp3
  artifactKey: Guid(78e66a62746f1b7418e0d62709cdf29a) Importer(815301076,1909f56bfc062723c751e8b465ee728b)
Start importing Assets/Sound/Orbital Colossus.mp3 using Guid(78e66a62746f1b7418e0d62709cdf29a) Importer(815301076,1909f56bfc062723c751e8b465ee728b)  -> (artifact id: 'b77e429b2bba46f8325fb88a7f073f18') in 0.029980 seconds 
  Import took 0.035509 seconds .

========================================================================
Received Prepare
Registering precompiled user dll's ...
Registered in 0.007749 seconds.
Begin MonoManager ReloadAssembly
Native extension for WindowsStandalone target not found
Refreshing native plugins compatible for Editor in 0.87 ms, found 2 plugins.
Preloading 0 native plugins for Editor in 0.00 ms.
Mono: successfully reloaded assembly
- Completed reload, in  1.497 seconds
Domain Reload Profiling:
	ReloadAssembly (1498ms)
		BeginReloadAssembly (170ms)
			ExecutionOrderSort (0ms)
			DisableScriptedObjects (9ms)
			BackupInstance (0ms)
			ReleaseScriptingObjects (0ms)
			CreateAndSetChildDomain (48ms)
		EndReloadAssembly (1210ms)
			LoadAssemblies (141ms)
			RebuildTransferFunctionScriptingTraits (0ms)
			SetupTypeCache (431ms)
			ReleaseScriptCaches (1ms)
			RebuildScriptCaches (60ms)
			SetupLoadedEditorAssemblies (456ms)
				LogAssemblyErrors (0ms)
				InitializePlatformSupportModulesInManaged (7ms)
				SetLoadedEditorAssemblies (1ms)
				RefreshPlugins (1ms)
				BeforeProcessingInitializeOnLoad (86ms)
				ProcessInitializeOnLoadAttributes (309ms)
				ProcessInitializeOnLoadMethodAttributes (44ms)
				AfterProcessingInitializeOnLoad (8ms)
				EditorAssembliesLoaded (0ms)
			ExecutionOrderSort2 (0ms)
			AwakeInstancesAfterBackupRestoration (9ms)
Platform modules already initialized, skipping
Refreshing native plugins compatible for Editor in 1.42 ms, found 2 plugins.
Preloading 0 native plugins for Editor in 0.00 ms.
Unloading 1943 Unused Serialized files (Serialized files now loaded: 0)
System memory in use before: 83.4 MB.
System memory in use after: 83.5 MB.

Unloading 49 unused Assets to reduce memory usage. Loaded Objects now: 2365.
Total: 7.163500 ms (FindLiveObjects: 0.330200 ms CreateObjectMapping: 0.156400 ms MarkObjects: 6.625000 ms  DeleteObjects: 0.049600 ms)

AssetImportParameters requested are different than current active one (requested -> active):
  custom:framework-win-MediaFoundation: 216162199b28c13a410421893ffa2e32 -> 
  custom:video-decoder-ogg-theora: a1e56fd34408186e4bbccfd4996cb3dc -> 
  custom:container-muxer-webm: aa71ff27fc2769a1b78a27578f13a17b -> 
  custom:container-demuxer-webm: 4f35f7cbe854078d1ac9338744f61a02 -> 
  custom:container-demuxer-ogg: 62fdf1f143b41e24485cea50d1cbac27 -> 
  custom:video-encoder-webm-vp8: eb34c28f22e8b96e1ab97ce403110664 -> 
  custom:video-decoder-webm-vp8: 9c59270c3fd7afecdb556c50c9e8de78 -> 
  custom:audio-decoder-ogg-vorbis: bf7c407c2cedff20999df2af8eb42d56 -> 
  custom:audio-encoder-webm-vorbis: bf7c407c2cedff20999df2af8eb42d56 -> 
========================================================================
Received Prepare
Registering precompiled user dll's ...
Registered in 0.007968 seconds.
Begin MonoManager ReloadAssembly
Native extension for WindowsStandalone target not found
Refreshing native plugins compatible for Editor in 0.77 ms, found 2 plugins.
Preloading 0 native plugins for Editor in 0.00 ms.
Mono: successfully reloaded assembly
- Completed reload, in  1.451 seconds
Domain Reload Profiling:
	ReloadAssembly (1452ms)
		BeginReloadAssembly (176ms)
			ExecutionOrderSort (0ms)
			DisableScriptedObjects (9ms)
			BackupInstance (0ms)
			ReleaseScriptingObjects (0ms)
			CreateAndSetChildDomain (46ms)
		EndReloadAssembly (1166ms)
			LoadAssemblies (164ms)
			RebuildTransferFunctionScriptingTraits (0ms)
			SetupTypeCache (370ms)
			ReleaseScriptCaches (1ms)
			RebuildScriptCaches (62ms)
			SetupLoadedEditorAssemblies (454ms)
				LogAssemblyErrors (0ms)
				InitializePlatformSupportModulesInManaged (7ms)
				SetLoadedEditorAssemblies (1ms)
				RefreshPlugins (1ms)
				BeforeProcessingInitializeOnLoad (85ms)
				ProcessInitializeOnLoadAttributes (307ms)
				ProcessInitializeOnLoadMethodAttributes (45ms)
				AfterProcessingInitializeOnLoad (8ms)
				EditorAssembliesLoaded (0ms)
			ExecutionOrderSort2 (0ms)
			AwakeInstancesAfterBackupRestoration (9ms)
Platform modules already initialized, skipping
Refreshing native plugins compatible for Editor in 1.47 ms, found 2 plugins.
Preloading 0 native plugins for Editor in 0.00 ms.
Unloading 1943 Unused Serialized files (Serialized files now loaded: 0)
System memory in use before: 83.4 MB.
System memory in use after: 83.5 MB.

Unloading 49 unused Assets to reduce memory usage. Loaded Objects now: 2368.
Total: 6.950300 ms (FindLiveObjects: 0.214100 ms CreateObjectMapping: 0.081100 ms MarkObjects: 6.551300 ms  DeleteObjects: 0.101800 ms)

AssetImportParameters requested are different than current active one (requested -> active):
  custom:framework-win-MediaFoundation: 216162199b28c13a410421893ffa2e32 -> 
  custom:video-decoder-ogg-theora: a1e56fd34408186e4bbccfd4996cb3dc -> 
  custom:container-muxer-webm: aa71ff27fc2769a1b78a27578f13a17b -> 
  custom:container-demuxer-webm: 4f35f7cbe854078d1ac9338744f61a02 -> 
  custom:container-demuxer-ogg: 62fdf1f143b41e24485cea50d1cbac27 -> 
  custom:video-encoder-webm-vp8: eb34c28f22e8b96e1ab97ce403110664 -> 
  custom:video-decoder-webm-vp8: 9c59270c3fd7afecdb556c50c9e8de78 -> 
  custom:audio-decoder-ogg-vorbis: bf7c407c2cedff20999df2af8eb42d56 -> 
  custom:audio-encoder-webm-vorbis: bf7c407c2cedff20999df2af8eb42d56 -> 
========================================================================
Received Prepare
Registering precompiled user dll's ...
Registered in 0.008593 seconds.
Begin MonoManager ReloadAssembly
Native extension for WindowsStandalone target not found
Refreshing native plugins compatible for Editor in 0.82 ms, found 2 plugins.
Preloading 0 native plugins for Editor in 0.00 ms.
Mono: successfully reloaded assembly
- Completed reload, in  1.606 seconds
Domain Reload Profiling:
	ReloadAssembly (1607ms)
		BeginReloadAssembly (171ms)
			ExecutionOrderSort (0ms)
			DisableScriptedObjects (8ms)
			BackupInstance (0ms)
			ReleaseScriptingObjects (0ms)
			CreateAndSetChildDomain (45ms)
		EndReloadAssembly (1347ms)
			LoadAssemblies (142ms)
			RebuildTransferFunctionScriptingTraits (0ms)
			SetupTypeCache (441ms)
			ReleaseScriptCaches (1ms)
			RebuildScriptCaches (120ms)
			SetupLoadedEditorAssemblies (504ms)
				LogAssemblyErrors (0ms)
				InitializePlatformSupportModulesInManaged (7ms)
				SetLoadedEditorAssemblies (1ms)
				RefreshPlugins (1ms)
				BeforeProcessingInitializeOnLoad (90ms)
				ProcessInitializeOnLoadAttributes (349ms)
				ProcessInitializeOnLoadMethodAttributes (48ms)
				AfterProcessingInitializeOnLoad (9ms)
				EditorAssembliesLoaded (0ms)
			ExecutionOrderSort2 (0ms)
			AwakeInstancesAfterBackupRestoration (9ms)
Platform modules already initialized, skipping
Refreshing native plugins compatible for Editor in 1.64 ms, found 2 plugins.
Preloading 0 native plugins for Editor in 0.00 ms.
Unloading 1943 Unused Serialized files (Serialized files now loaded: 0)
System memory in use before: 83.4 MB.
System memory in use after: 83.6 MB.

Unloading 49 unused Assets to reduce memory usage. Loaded Objects now: 2371.
Total: 7.423400 ms (FindLiveObjects: 0.224300 ms CreateObjectMapping: 0.082300 ms MarkObjects: 7.068300 ms  DeleteObjects: 0.046200 ms)

AssetImportParameters requested are different than current active one (requested -> active):
  custom:framework-win-MediaFoundation: 216162199b28c13a410421893ffa2e32 -> 
  custom:video-decoder-ogg-theora: a1e56fd34408186e4bbccfd4996cb3dc -> 
  custom:container-muxer-webm: aa71ff27fc2769a1b78a27578f13a17b -> 
  custom:container-demuxer-webm: 4f35f7cbe854078d1ac9338744f61a02 -> 
  custom:container-demuxer-ogg: 62fdf1f143b41e24485cea50d1cbac27 -> 
  custom:video-encoder-webm-vp8: eb34c28f22e8b96e1ab97ce403110664 -> 
  custom:video-decoder-webm-vp8: 9c59270c3fd7afecdb556c50c9e8de78 -> 
  custom:audio-decoder-ogg-vorbis: bf7c407c2cedff20999df2af8eb42d56 -> 
  custom:audio-encoder-webm-vorbis: bf7c407c2cedff20999df2af8eb42d56 -> 
========================================================================
Received Import Request.
  Time since last request: 131.287977 seconds.
  path: Assets/Scripts/BG Scroll Script
  artifactKey: Guid(d400b49c6a3014a8c893e083f6fae776) Importer(815301076,1909f56bfc062723c751e8b465ee728b)
Start importing Assets/Scripts/BG Scroll Script using Guid(d400b49c6a3014a8c893e083f6fae776) Importer(815301076,1909f56bfc062723c751e8b465ee728b)  -> (artifact id: '68e34b7fbebf8e9a18180f7b9476de92') in 0.018291 seconds 
  Import took 0.027801 seconds .

========================================================================
Received Import Request.
  Time since last request: 0.002680 seconds.
  path: Assets/Scripts/BG Scroll Script
  artifactKey: Guid(d400b49c6a3014a8c893e083f6fae776) Importer(815301076,1909f56bfc062723c751e8b465ee728b)
Start importing Assets/Scripts/BG Scroll Script using Guid(d400b49c6a3014a8c893e083f6fae776) Importer(815301076,1909f56bfc062723c751e8b465ee728b)  -> (artifact id: '68e34b7fbebf8e9a18180f7b9476de92') in 0.006768 seconds 
  Import took 0.012783 seconds .

========================================================================
Received Prepare
Registering precompiled user dll's ...
Registered in 0.025378 seconds.
Begin MonoManager ReloadAssembly
Native extension for WindowsStandalone target not found
Refreshing native plugins compatible for Editor in 1.37 ms, found 2 plugins.
Preloading 0 native plugins for Editor in 0.00 ms.
Mono: successfully reloaded assembly
- Completed reload, in  2.604 seconds
Domain Reload Profiling:
	ReloadAssembly (2632ms)
		BeginReloadAssembly (905ms)
			ExecutionOrderSort (0ms)
			DisableScriptedObjects (173ms)
			BackupInstance (0ms)
			ReleaseScriptingObjects (2ms)
			CreateAndSetChildDomain (357ms)
		EndReloadAssembly (1591ms)
			LoadAssemblies (269ms)
			RebuildTransferFunctionScriptingTraits (2ms)
			SetupTypeCache (543ms)
			ReleaseScriptCaches (2ms)
			RebuildScriptCaches (73ms)
			SetupLoadedEditorAssemblies (544ms)
				LogAssemblyErrors (0ms)
				InitializePlatformSupportModulesInManaged (10ms)
				SetLoadedEditorAssemblies (1ms)
				RefreshPlugins (1ms)
				BeforeProcessingInitializeOnLoad (118ms)
				ProcessInitializeOnLoadAttributes (358ms)
				ProcessInitializeOnLoadMethodAttributes (47ms)
				AfterProcessingInitializeOnLoad (8ms)
				EditorAssembliesLoaded (0ms)
			ExecutionOrderSort2 (0ms)
			AwakeInstancesAfterBackupRestoration (11ms)
Platform modules already initialized, skipping
Refreshing native plugins compatible for Editor in 1.49 ms, found 2 plugins.
Preloading 0 native plugins for Editor in 0.00 ms.
Unloading 1990 Unused Serialized files (Serialized files now loaded: 0)
System memory in use before: 86.5 MB.
System memory in use after: 86.0 MB.

Unloading 62 unused Assets to reduce memory usage. Loaded Objects now: 2408.
Total: 14.239800 ms (FindLiveObjects: 0.334100 ms CreateObjectMapping: 0.100800 ms MarkObjects: 12.414300 ms  DeleteObjects: 1.387900 ms)

AssetImportParameters requested are different than current active one (requested -> active):
  custom:framework-win-MediaFoundation: 216162199b28c13a410421893ffa2e32 -> 
  custom:video-decoder-ogg-theora: a1e56fd34408186e4bbccfd4996cb3dc -> 
  custom:container-muxer-webm: aa71ff27fc2769a1b78a27578f13a17b -> 
  custom:container-demuxer-webm: 4f35f7cbe854078d1ac9338744f61a02 -> 
  custom:container-demuxer-ogg: 62fdf1f143b41e24485cea50d1cbac27 -> 
  custom:video-encoder-webm-vp8: eb34c28f22e8b96e1ab97ce403110664 -> 
  custom:video-decoder-webm-vp8: 9c59270c3fd7afecdb556c50c9e8de78 -> 
  custom:audio-decoder-ogg-vorbis: bf7c407c2cedff20999df2af8eb42d56 -> 
  custom:audio-encoder-webm-vorbis: bf7c407c2cedff20999df2af8eb42d56 -> 
========================================================================
Received Import Request.
  Time since last request: 1353.443177 seconds.
  path: Assets
  artifactKey: Guid(00000000000000001000000000000000) Importer(815301076,1909f56bfc062723c751e8b465ee728b)
Start importing Assets using Guid(00000000000000001000000000000000) Importer(815301076,1909f56bfc062723c751e8b465ee728b)  -> (artifact id: '42d402b061de3733987d63b9cc3b64de') in 0.022638 seconds 
  Import took 0.054245 seconds .

========================================================================
Received Import Request.
  Time since last request: 5.075705 seconds.
  path: Assets/Font
  artifactKey: Guid(9da69fd1518d39246b0fd28d6e83b5dd) Importer(815301076,1909f56bfc062723c751e8b465ee728b)
Start importing Assets/Font using Guid(9da69fd1518d39246b0fd28d6e83b5dd) Importer(815301076,1909f56bfc062723c751e8b465ee728b)  -> (artifact id: '47803fc0fafbc0c5422e7ee03846935a') in 0.023741 seconds 
  Import took 0.040058 seconds .

========================================================================
Received Import Request.
  Time since last request: 0.000977 seconds.
  path: Assets/Font
  artifactKey: Guid(9da69fd1518d39246b0fd28d6e83b5dd) Importer(815301076,1909f56bfc062723c751e8b465ee728b)
Start importing Assets/Font using Guid(9da69fd1518d39246b0fd28d6e83b5dd) Importer(815301076,1909f56bfc062723c751e8b465ee728b)  -> (artifact id: '47803fc0fafbc0c5422e7ee03846935a') in 0.023198 seconds 
  Import took 0.033778 seconds .

========================================================================
Received Import Request.
  Time since last request: 6.002584 seconds.
  path: Assets/Fonts
  artifactKey: Guid(9da69fd1518d39246b0fd28d6e83b5dd) Importer(815301076,1909f56bfc062723c751e8b465ee728b)
Start importing Assets/Fonts using Guid(9da69fd1518d39246b0fd28d6e83b5dd) Importer(815301076,1909f56bfc062723c751e8b465ee728b)  -> (artifact id: '32281b861522e1e8f0c0203b178a69e0') in 0.020219 seconds 
  Import took 0.027348 seconds .

========================================================================
Received Import Request.
  Time since last request: 4.881557 seconds.
  path: Assets/Fonts/RETRO_SPACE.ttf
  artifactKey: Guid(96157d4f2376af7419ad429ee50aea9a) Importer(815301076,1909f56bfc062723c751e8b465ee728b)
Start importing Assets/Fonts/RETRO_SPACE.ttf using Guid(96157d4f2376af7419ad429ee50aea9a) Importer(815301076,1909f56bfc062723c751e8b465ee728b)  -> (artifact id: '6bfd5e585b9ba431e33daeb34c58d2d9') in 0.196998 seconds 
  Import took 0.201749 seconds .

========================================================================
Received Import Request.
  Time since last request: 0.000283 seconds.
  path: Assets/Fonts/ZenTokyoZoo-Regular.ttf
  artifactKey: Guid(983f968b62eb54c48ba65af3b62ff7aa) Importer(815301076,1909f56bfc062723c751e8b465ee728b)
Start importing Assets/Fonts/ZenTokyoZoo-Regular.ttf using Guid(983f968b62eb54c48ba65af3b62ff7aa) Importer(815301076,1909f56bfc062723c751e8b465ee728b)  -> (artifact id: '0f4ccc159d2fd754579613f3e68d4a91') in 0.033775 seconds 
  Import took 0.042932 seconds .

========================================================================
Received Import Request.
  Time since last request: 0.000467 seconds.
  path: Assets/Fonts/RETRO_SPACE_INV.ttf
  artifactKey: Guid(da4bdf060f402134182f6c0b473ed3e6) Importer(815301076,1909f56bfc062723c751e8b465ee728b)
Start importing Assets/Fonts/RETRO_SPACE_INV.ttf using Guid(da4bdf060f402134182f6c0b473ed3e6) Importer(815301076,1909f56bfc062723c751e8b465ee728b)  -> (artifact id: '48f19828492afb7022246d2431cf2496') in 0.039191 seconds 
  Import took 0.051220 seconds .

========================================================================
Received Import Request.
  Time since last request: 1.079366 seconds.
  path: Assets/Materials/BG Material.mat
  artifactKey: Guid(0847f0d0753bd40acb30f93e78b7b61a) Importer(815301076,1909f56bfc062723c751e8b465ee728b)
Start importing Assets/Materials/BG Material.mat using Guid(0847f0d0753bd40acb30f93e78b7b61a) Importer(815301076,1909f56bfc062723c751e8b465ee728b)  -> (artifact id: 'd3a9cbd30ed5d35371173a3bc80126cb') in 0.429939 seconds 
  Import took 0.436069 seconds .

========================================================================
Received Import Request.
  Time since last request: 13.782199 seconds.
  path: Assets/Fonts/RETRO_SPACE SDF.asset
  artifactKey: Guid(a2c4303c4f7b2fe44b5e462479e532c4) Importer(815301076,1909f56bfc062723c751e8b465ee728b)
Start importing Assets/Fonts/RETRO_SPACE SDF.asset using Guid(a2c4303c4f7b2fe44b5e462479e532c4) Importer(815301076,1909f56bfc062723c751e8b465ee728b)  -> (artifact id: '8458c4b1f71e5f2f8bc356ed5444f1ea') in 0.082120 seconds 
  Import took 0.089286 seconds .

========================================================================
Received Import Request.
  Time since last request: 186.446001 seconds.
  path: Assets/Scripts
  artifactKey: Guid(a599eafeff47a49ec86f9a50a2447e21) Importer(815301076,1909f56bfc062723c751e8b465ee728b)
Start importing Assets/Scripts using Guid(a599eafeff47a49ec86f9a50a2447e21) Importer(815301076,1909f56bfc062723c751e8b465ee728b)  -> (artifact id: '3000a53f2cbd2d3ce008fb074623cdfb') in 0.020016 seconds 
  Import took 0.028427 seconds .

========================================================================
Received Import Request.
  Time since last request: 5.647426 seconds.
  path: Assets/Scripts/GameMenu.cs
  artifactKey: Guid(60af0c5a2e4417540ba7e8cd13cc8ddd) Importer(815301076,1909f56bfc062723c751e8b465ee728b)
Start importing Assets/Scripts/GameMenu.cs using Guid(60af0c5a2e4417540ba7e8cd13cc8ddd) Importer(815301076,1909f56bfc062723c751e8b465ee728b)  -> (artifact id: '6a1c5f32780f53855feaecf99ec77b18') in 0.055093 seconds 
  Import took 0.070923 seconds .

========================================================================
Received Prepare
Registering precompiled user dll's ...
Registered in 0.066243 seconds.
Begin MonoManager ReloadAssembly
Native extension for WindowsStandalone target not found
Refreshing native plugins compatible for Editor in 1.21 ms, found 2 plugins.
Preloading 0 native plugins for Editor in 0.00 ms.
Mono: successfully reloaded assembly
- Completed reload, in  4.527 seconds
Domain Reload Profiling:
	ReloadAssembly (4537ms)
		BeginReloadAssembly (846ms)
			ExecutionOrderSort (0ms)
			DisableScriptedObjects (72ms)
			BackupInstance (0ms)
			ReleaseScriptingObjects (0ms)
			CreateAndSetChildDomain (530ms)
		EndReloadAssembly (3209ms)
			LoadAssemblies (429ms)
			RebuildTransferFunctionScriptingTraits (2ms)
			SetupTypeCache (1657ms)
			ReleaseScriptCaches (2ms)
			RebuildScriptCaches (100ms)
			SetupLoadedEditorAssemblies (749ms)
				LogAssemblyErrors (0ms)
				InitializePlatformSupportModulesInManaged (15ms)
				SetLoadedEditorAssemblies (1ms)
				RefreshPlugins (1ms)
				BeforeProcessingInitializeOnLoad (106ms)
				ProcessInitializeOnLoadAttributes (538ms)
				ProcessInitializeOnLoadMethodAttributes (76ms)
				AfterProcessingInitializeOnLoad (10ms)
				EditorAssembliesLoaded (0ms)
			ExecutionOrderSort2 (0ms)
			AwakeInstancesAfterBackupRestoration (11ms)
Platform modules already initialized, skipping
Refreshing native plugins compatible for Editor in 1.41 ms, found 2 plugins.
Preloading 0 native plugins for Editor in 0.00 ms.
Unloading 1991 Unused Serialized files (Serialized files now loaded: 0)
System memory in use before: 86.9 MB.
System memory in use after: 86.5 MB.

Unloading 60 unused Assets to reduce memory usage. Loaded Objects now: 2452.
Total: 13.938600 ms (FindLiveObjects: 0.309300 ms CreateObjectMapping: 0.086200 ms MarkObjects: 12.352900 ms  DeleteObjects: 1.186900 ms)

AssetImportParameters requested are different than current active one (requested -> active):
  custom:framework-win-MediaFoundation: 216162199b28c13a410421893ffa2e32 -> 
  custom:video-decoder-ogg-theora: a1e56fd34408186e4bbccfd4996cb3dc -> 
  custom:container-muxer-webm: aa71ff27fc2769a1b78a27578f13a17b -> 
  custom:container-demuxer-webm: 4f35f7cbe854078d1ac9338744f61a02 -> 
  custom:container-demuxer-ogg: 62fdf1f143b41e24485cea50d1cbac27 -> 
  custom:video-encoder-webm-vp8: eb34c28f22e8b96e1ab97ce403110664 -> 
  custom:video-decoder-webm-vp8: 9c59270c3fd7afecdb556c50c9e8de78 -> 
  custom:audio-decoder-ogg-vorbis: bf7c407c2cedff20999df2af8eb42d56 -> 
  custom:audio-encoder-webm-vorbis: bf7c407c2cedff20999df2af8eb42d56 -> 
========================================================================
Received Prepare
Registering precompiled user dll's ...
Registered in 0.016195 seconds.
Begin MonoManager ReloadAssembly
Native extension for WindowsStandalone target not found
Refreshing native plugins compatible for Editor in 1.09 ms, found 2 plugins.
Preloading 0 native plugins for Editor in 0.00 ms.
Mono: successfully reloaded assembly
- Completed reload, in  1.618 seconds
Domain Reload Profiling:
	ReloadAssembly (1619ms)
		BeginReloadAssembly (230ms)
			ExecutionOrderSort (0ms)
			DisableScriptedObjects (9ms)
			BackupInstance (0ms)
			ReleaseScriptingObjects (1ms)
			CreateAndSetChildDomain (62ms)
		EndReloadAssembly (1287ms)
			LoadAssemblies (197ms)
			RebuildTransferFunctionScriptingTraits (0ms)
			SetupTypeCache (422ms)
			ReleaseScriptCaches (2ms)
			RebuildScriptCaches (66ms)
			SetupLoadedEditorAssemblies (492ms)
				LogAssemblyErrors (0ms)
				InitializePlatformSupportModulesInManaged (8ms)
				SetLoadedEditorAssemblies (1ms)
				RefreshPlugins (1ms)
				BeforeProcessingInitializeOnLoad (91ms)
				ProcessInitializeOnLoadAttributes (336ms)
				ProcessInitializeOnLoadMethodAttributes (47ms)
				AfterProcessingInitializeOnLoad (9ms)
				EditorAssembliesLoaded (0ms)
			ExecutionOrderSort2 (0ms)
			AwakeInstancesAfterBackupRestoration (9ms)
Platform modules already initialized, skipping
Refreshing native plugins compatible for Editor in 5.18 ms, found 2 plugins.
Preloading 0 native plugins for Editor in 0.00 ms.
Unloading 1989 Unused Serialized files (Serialized files now loaded: 0)
System memory in use before: 86.7 MB.
System memory in use after: 86.3 MB.

Unloading 60 unused Assets to reduce memory usage. Loaded Objects now: 2455.
Total: 14.518100 ms (FindLiveObjects: 1.000300 ms CreateObjectMapping: 0.187600 ms MarkObjects: 12.315500 ms  DeleteObjects: 1.012000 ms)

AssetImportParameters requested are different than current active one (requested -> active):
  custom:framework-win-MediaFoundation: 216162199b28c13a410421893ffa2e32 -> 
  custom:video-decoder-ogg-theora: a1e56fd34408186e4bbccfd4996cb3dc -> 
  custom:container-muxer-webm: aa71ff27fc2769a1b78a27578f13a17b -> 
  custom:container-demuxer-webm: 4f35f7cbe854078d1ac9338744f61a02 -> 
  custom:container-demuxer-ogg: 62fdf1f143b41e24485cea50d1cbac27 -> 
  custom:video-encoder-webm-vp8: eb34c28f22e8b96e1ab97ce403110664 -> 
  custom:video-decoder-webm-vp8: 9c59270c3fd7afecdb556c50c9e8de78 -> 
  custom:audio-decoder-ogg-vorbis: bf7c407c2cedff20999df2af8eb42d56 -> 
  custom:audio-encoder-webm-vorbis: bf7c407c2cedff20999df2af8eb42d56 -> 
========================================================================
Received Import Request.
  Time since last request: 406.701444 seconds.
  path: Assets/Scenes/Gameplay.unity
  artifactKey: Guid(5f9381415bdac42678bc8f978c83ac77) Importer(815301076,1909f56bfc062723c751e8b465ee728b)
Start importing Assets/Scenes/Gameplay.unity using Guid(5f9381415bdac42678bc8f978c83ac77) Importer(815301076,1909f56bfc062723c751e8b465ee728b)  -> (artifact id: '2df6d91c74e4c2378cb3606270934051') in 0.042434 seconds 
  Import took 0.049192 seconds .

========================================================================
Received Import Request.
  Time since last request: 12.530045 seconds.
  path: Assets/Scenes/Escena1.unity
  artifactKey: Guid(5f9381415bdac42678bc8f978c83ac77) Importer(815301076,1909f56bfc062723c751e8b465ee728b)
Start importing Assets/Scenes/Escena1.unity using Guid(5f9381415bdac42678bc8f978c83ac77) Importer(815301076,1909f56bfc062723c751e8b465ee728b)  -> (artifact id: '7e8bb5dc80ba860eae4c88a2d5d1b40a') in 0.047039 seconds 
  Import took 0.053416 seconds .

========================================================================
Received Import Request.
  Time since last request: 43.238152 seconds.
  path: Assets/Sprites
  artifactKey: Guid(5b15b2566fc13447c94d13ceaec9bc79) Importer(815301076,1909f56bfc062723c751e8b465ee728b)
Start importing Assets/Sprites using Guid(5b15b2566fc13447c94d13ceaec9bc79) Importer(815301076,1909f56bfc062723c751e8b465ee728b)  -> (artifact id: '9b5e11a3406a655c033aa8fa8c5483ed') in 0.019065 seconds 
  Import took 0.025602 seconds .

========================================================================
Received Import Request.
  Time since last request: 1.219183 seconds.
  path: Assets/Sound
  artifactKey: Guid(d1f2a573876b94147bfefc0cd96209bc) Importer(815301076,1909f56bfc062723c751e8b465ee728b)
Start importing Assets/Sound using Guid(d1f2a573876b94147bfefc0cd96209bc) Importer(815301076,1909f56bfc062723c751e8b465ee728b)  -> (artifact id: 'a248a252f730fbbbedbf110bd88fba55') in 0.019923 seconds 
  Import took 0.025874 seconds .

========================================================================
Received Import Request.
  Time since last request: 1.128034 seconds.
  path: Assets/Scenes
  artifactKey: Guid(1e95e752f4851427894148f7f5b3470b) Importer(815301076,1909f56bfc062723c751e8b465ee728b)
Start importing Assets/Scenes using Guid(1e95e752f4851427894148f7f5b3470b) Importer(815301076,1909f56bfc062723c751e8b465ee728b)  -> (artifact id: 'cc22b6e765770586b3a2b0315feea996') in 0.021048 seconds 
  Import took 0.026819 seconds .

========================================================================
Received Import Request.
  Time since last request: 2.399169 seconds.
  path: Assets/Scripts/GameMenu.cs
  artifactKey: Guid(60af0c5a2e4417540ba7e8cd13cc8ddd) Importer(815301076,1909f56bfc062723c751e8b465ee728b)
Start importing Assets/Scripts/GameMenu.cs using Guid(60af0c5a2e4417540ba7e8cd13cc8ddd) Importer(815301076,1909f56bfc062723c751e8b465ee728b)  -> (artifact id: '3431e0d278a252f88c4cfcc83b4f902b') in 0.005382 seconds 
  Import took 0.012553 seconds .

========================================================================
Received Import Request.
  Time since last request: 0.001280 seconds.
  path: Assets/Scripts/GameMenu.cs
  artifactKey: Guid(60af0c5a2e4417540ba7e8cd13cc8ddd) Importer(815301076,1909f56bfc062723c751e8b465ee728b)
Start importing Assets/Scripts/GameMenu.cs using Guid(60af0c5a2e4417540ba7e8cd13cc8ddd) Importer(815301076,1909f56bfc062723c751e8b465ee728b)  -> (artifact id: '3431e0d278a252f88c4cfcc83b4f902b') in 0.010261 seconds 
  Import took 0.019938 seconds .

AssetImportWorkerClient::OnTransportError - code=2 error=End of file
